0 verbose cli /opt/homebrew/Cellar/node/24.2.0/bin/node /opt/homebrew/bin/npm
1 info using npm@11.3.0
2 info using node@v24.2.0
3 silly config load:file:/opt/homebrew/lib/node_modules/npm/npmrc
4 silly config load:file:/Users/link/Code/lynkxu.github.io/.npmrc
5 silly config load:file:/Users/link/.npmrc
6 silly config load:file:/opt/homebrew/etc/npmrc
7 verbose title npm install exifr
8 verbose argv "install" "exifr" "--cache" ".npm-cache"
9 verbose logfile logs-max:10 dir:/Users/link/Code/lynkxu.github.io/.npm-cache/_logs/2026-01-13T12_21_43_350Z-
10 verbose logfile /Users/link/Code/lynkxu.github.io/.npm-cache/_logs/2026-01-13T12_21_43_350Z-debug-0.log
11 silly logfile done cleaning log files
12 silly packumentCache heap:4496293888 maxSize:1124073472 maxEntrySize:562036736
13 silly idealTree buildDeps
14 silly fetch manifest exifr@*
15 silly packumentCache full:https://registry.npmjs.org/exifr cache-miss
16 http fetch GET 200 https://registry.npmjs.org/exifr 907ms (cache miss)
17 silly packumentCache full:https://registry.npmjs.org/exifr set size:undefined disposed:false
18 silly placeDep ROOT exifr@7.1.3 OK for: @anghunk/astro-blog@1.0.0 want: *
19 silly reify mark retired [ '/Users/link/Code/lynkxu.github.io/node_modules/@alloc/quick-lru' ]
20 silly reify mark retired [ '/Users/link/Code/lynkxu.github.io/node_modules/@astrojs/tailwind' ]
21 silly reify mark retired [
21 silly reify   '/Users/link/Code/lynkxu.github.io/node_modules/@jridgewell/gen-mapping'
21 silly reify ]
22 silly reify mark retired [
22 silly reify   '/Users/link/Code/lynkxu.github.io/node_modules/@jridgewell/resolve-uri'
22 silly reify ]
23 silly reify mark retired [
23 silly reify   '/Users/link/Code/lynkxu.github.io/node_modules/@jridgewell/trace-mapping'
23 silly reify ]
24 silly reify mark retired [
24 silly reify   '/Users/link/Code/lynkxu.github.io/node_modules/@nodelib/fs.scandir'
24 silly reify ]
25 silly reify mark retired [ '/Users/link/Code/lynkxu.github.io/node_modules/@nodelib/fs.stat' ]
26 silly reify mark retired [ '/Users/link/Code/lynkxu.github.io/node_modules/@nodelib/fs.walk' ]
27 silly reify mark retired [
27 silly reify   '/Users/link/Code/lynkxu.github.io/node_modules/@tailwindcss/typography'
27 silly reify ]
28 silly reify mark retired [ '/Users/link/Code/lynkxu.github.io/node_modules/any-promise' ]
29 silly reify mark retired [
29 silly reify   '/Users/link/Code/lynkxu.github.io/node_modules/autoprefixer',
29 silly reify   '/Users/link/Code/lynkxu.github.io/node_modules/.bin/autoprefixer'
29 silly reify ]
30 silly reify mark retired [
30 silly reify   '/Users/link/Code/lynkxu.github.io/node_modules/baseline-browser-mapping',
30 silly reify   '/Users/link/Code/lynkxu.github.io/node_modules/.bin/baseline-browser-mapping'
30 silly reify ]
31 silly reify mark retired [ '/Users/link/Code/lynkxu.github.io/node_modules/binary-extensions' ]
32 silly reify mark retired [
32 silly reify   '/Users/link/Code/lynkxu.github.io/node_modules/browserslist',
32 silly reify   '/Users/link/Code/lynkxu.github.io/node_modules/.bin/browserslist'
32 silly reify ]
33 silly reify mark retired [ '/Users/link/Code/lynkxu.github.io/node_modules/camelcase-css' ]
34 silly reify mark retired [ '/Users/link/Code/lynkxu.github.io/node_modules/caniuse-lite' ]
35 silly reify mark retired [ '/Users/link/Code/lynkxu.github.io/node_modules/didyoumean' ]
36 silly reify mark retired [
36 silly reify   '/Users/link/Code/lynkxu.github.io/node_modules/electron-to-chromium'
36 silly reify ]
37 silly reify mark retired [ '/Users/link/Code/lynkxu.github.io/node_modules/escalade' ]
38 silly reify mark retired [ '/Users/link/Code/lynkxu.github.io/node_modules/fast-glob' ]
39 silly reify mark retired [ '/Users/link/Code/lynkxu.github.io/node_modules/fastq' ]
40 silly reify mark retired [ '/Users/link/Code/lynkxu.github.io/node_modules/fraction.js' ]
41 silly reify mark retired [ '/Users/link/Code/lynkxu.github.io/node_modules/function-bind' ]
42 silly reify mark retired [ '/Users/link/Code/lynkxu.github.io/node_modules/glob-parent' ]
43 silly reify mark retired [ '/Users/link/Code/lynkxu.github.io/node_modules/hasown' ]
44 silly reify mark retired [ '/Users/link/Code/lynkxu.github.io/node_modules/is-binary-path' ]
45 silly reify mark retired [ '/Users/link/Code/lynkxu.github.io/node_modules/is-core-module' ]
46 silly reify mark retired [
46 silly reify   '/Users/link/Code/lynkxu.github.io/node_modules/jiti',
46 silly reify   '/Users/link/Code/lynkxu.github.io/node_modules/.bin/jiti'
46 silly reify ]
47 silly reify mark retired [ '/Users/link/Code/lynkxu.github.io/node_modules/lilconfig' ]
48 silly reify mark retired [ '/Users/link/Code/lynkxu.github.io/node_modules/lines-and-columns' ]
49 silly reify mark retired [ '/Users/link/Code/lynkxu.github.io/node_modules/merge2' ]
50 silly reify mark retired [ '/Users/link/Code/lynkxu.github.io/node_modules/mz' ]
51 silly reify mark retired [ '/Users/link/Code/lynkxu.github.io/node_modules/node-releases' ]
52 silly reify mark retired [ '/Users/link/Code/lynkxu.github.io/node_modules/object-assign' ]
53 silly reify mark retired [ '/Users/link/Code/lynkxu.github.io/node_modules/object-hash' ]
54 silly reify mark retired [ '/Users/link/Code/lynkxu.github.io/node_modules/path-parse' ]
55 silly reify mark retired [ '/Users/link/Code/lynkxu.github.io/node_modules/pify' ]
56 silly reify mark retired [ '/Users/link/Code/lynkxu.github.io/node_modules/pirates' ]
57 silly reify mark retired [ '/Users/link/Code/lynkxu.github.io/node_modules/postcss-import' ]
58 silly reify mark retired [ '/Users/link/Code/lynkxu.github.io/node_modules/postcss-js' ]
59 silly reify mark retired [
59 silly reify   '/Users/link/Code/lynkxu.github.io/node_modules/postcss-load-config'
59 silly reify ]
60 silly reify mark retired [ '/Users/link/Code/lynkxu.github.io/node_modules/postcss-nested' ]
61 silly reify mark retired [
61 silly reify   '/Users/link/Code/lynkxu.github.io/node_modules/postcss-selector-parser'
61 silly reify ]
62 silly reify mark retired [
62 silly reify   '/Users/link/Code/lynkxu.github.io/node_modules/postcss-value-parser'
62 silly reify ]
63 silly reify mark retired [ '/Users/link/Code/lynkxu.github.io/node_modules/queue-microtask' ]
64 silly reify mark retired [ '/Users/link/Code/lynkxu.github.io/node_modules/read-cache' ]
65 silly reify mark retired [
65 silly reify   '/Users/link/Code/lynkxu.github.io/node_modules/resolve',
65 silly reify   '/Users/link/Code/lynkxu.github.io/node_modules/.bin/resolve'
65 silly reify ]
66 silly reify mark retired [ '/Users/link/Code/lynkxu.github.io/node_modules/reusify' ]
67 silly reify mark retired [ '/Users/link/Code/lynkxu.github.io/node_modules/run-parallel' ]
68 silly reify mark retired [
68 silly reify   '/Users/link/Code/lynkxu.github.io/node_modules/sucrase',
68 silly reify   '/Users/link/Code/lynkxu.github.io/node_modules/.bin/sucrase',
68 silly reify   '/Users/link/Code/lynkxu.github.io/node_modules/.bin/sucrase-node'
68 silly reify ]
69 silly reify mark retired [
69 silly reify   '/Users/link/Code/lynkxu.github.io/node_modules/supports-preserve-symlinks-flag'
69 silly reify ]
70 silly reify mark retired [
70 silly reify   '/Users/link/Code/lynkxu.github.io/node_modules/tailwindcss',
70 silly reify   '/Users/link/Code/lynkxu.github.io/node_modules/.bin/tailwind',
70 silly reify   '/Users/link/Code/lynkxu.github.io/node_modules/.bin/tailwindcss'
70 silly reify ]
71 silly reify mark retired [ '/Users/link/Code/lynkxu.github.io/node_modules/thenify' ]
72 silly reify mark retired [ '/Users/link/Code/lynkxu.github.io/node_modules/thenify-all' ]
73 silly reify mark retired [
73 silly reify   '/Users/link/Code/lynkxu.github.io/node_modules/ts-interface-checker'
73 silly reify ]
74 silly reify mark retired [
74 silly reify   '/Users/link/Code/lynkxu.github.io/node_modules/update-browserslist-db',
74 silly reify   '/Users/link/Code/lynkxu.github.io/node_modules/.bin/update-browserslist-db'
74 silly reify ]
75 silly reify mark retired [ '/Users/link/Code/lynkxu.github.io/node_modules/util-deprecate' ]
76 silly reify mark retired [
76 silly reify   '/Users/link/Code/lynkxu.github.io/node_modules/yaml',
76 silly reify   '/Users/link/Code/lynkxu.github.io/node_modules/.bin/yaml'
76 silly reify ]
77 silly reify moves {
77 silly reify   '/Users/link/Code/lynkxu.github.io/node_modules/@alloc/quick-lru': '/Users/link/Code/lynkxu.github.io/node_modules/@alloc/.quick-lru-vE9zksVe',
77 silly reify   '/Users/link/Code/lynkxu.github.io/node_modules/@astrojs/tailwind': '/Users/link/Code/lynkxu.github.io/node_modules/@astrojs/.tailwind-oO5sSQlF',
77 silly reify   '/Users/link/Code/lynkxu.github.io/node_modules/@jridgewell/gen-mapping': '/Users/link/Code/lynkxu.github.io/node_modules/@jridgewell/.gen-mapping-GnbKVhCk',
77 silly reify   '/Users/link/Code/lynkxu.github.io/node_modules/@jridgewell/resolve-uri': '/Users/link/Code/lynkxu.github.io/node_modules/@jridgewell/.resolve-uri-pbRWLxCA',
77 silly reify   '/Users/link/Code/lynkxu.github.io/node_modules/@jridgewell/trace-mapping': '/Users/link/Code/lynkxu.github.io/node_modules/@jridgewell/.trace-mapping-5JHQTzMq',
77 silly reify   '/Users/link/Code/lynkxu.github.io/node_modules/@nodelib/fs.scandir': '/Users/link/Code/lynkxu.github.io/node_modules/@nodelib/.fs.scandir-ocg5hjU6',
77 silly reify   '/Users/link/Code/lynkxu.github.io/node_modules/@nodelib/fs.stat': '/Users/link/Code/lynkxu.github.io/node_modules/@nodelib/.fs.stat-bxLUQRsc',
77 silly reify   '/Users/link/Code/lynkxu.github.io/node_modules/@nodelib/fs.walk': '/Users/link/Code/lynkxu.github.io/node_modules/@nodelib/.fs.walk-FjMn25zS',
77 silly reify   '/Users/link/Code/lynkxu.github.io/node_modules/@tailwindcss/typography': '/Users/link/Code/lynkxu.github.io/node_modules/@tailwindcss/.typography-sKrpdNZm',
77 silly reify   '/Users/link/Code/lynkxu.github.io/node_modules/any-promise': '/Users/link/Code/lynkxu.github.io/node_modules/.any-promise-Nxj5qGRZ',
77 silly reify   '/Users/link/Code/lynkxu.github.io/node_modules/autoprefixer': '/Users/link/Code/lynkxu.github.io/node_modules/.autoprefixer-y9c3DkOr',
77 silly reify   '/Users/link/Code/lynkxu.github.io/node_modules/.bin/autoprefixer': '/Users/link/Code/lynkxu.github.io/node_modules/.bin/.autoprefixer-aVxPSqlu',
77 silly reify   '/Users/link/Code/lynkxu.github.io/node_modules/baseline-browser-mapping': '/Users/link/Code/lynkxu.github.io/node_modules/.baseline-browser-mapping-kauMp5gL',
77 silly reify   '/Users/link/Code/lynkxu.github.io/node_modules/.bin/baseline-browser-mapping': '/Users/link/Code/lynkxu.github.io/node_modules/.bin/.baseline-browser-mapping-0t71ageY',
77 silly reify   '/Users/link/Code/lynkxu.github.io/node_modules/binary-extensions': '/Users/link/Code/lynkxu.github.io/node_modules/.binary-extensions-870klVqD',
77 silly reify   '/Users/link/Code/lynkxu.github.io/node_modules/browserslist': '/Users/link/Code/lynkxu.github.io/node_modules/.browserslist-tIiPr18g',
77 silly reify   '/Users/link/Code/lynkxu.github.io/node_modules/.bin/browserslist': '/Users/link/Code/lynkxu.github.io/node_modules/.bin/.browserslist-MseqrhEJ',
77 silly reify   '/Users/link/Code/lynkxu.github.io/node_modules/camelcase-css': '/Users/link/Code/lynkxu.github.io/node_modules/.camelcase-css-A8XlifAx',
77 silly reify   '/Users/link/Code/lynkxu.github.io/node_modules/caniuse-lite': '/Users/link/Code/lynkxu.github.io/node_modules/.caniuse-lite-41cO8Olv',
77 silly reify   '/Users/link/Code/lynkxu.github.io/node_modules/didyoumean': '/Users/link/Code/lynkxu.github.io/node_modules/.didyoumean-0z1mklND',
77 silly reify   '/Users/link/Code/lynkxu.github.io/node_modules/electron-to-chromium': '/Users/link/Code/lynkxu.github.io/node_modules/.electron-to-chromium-jSmoUxHq',
77 silly reify   '/Users/link/Code/lynkxu.github.io/node_modules/escalade': '/Users/link/Code/lynkxu.github.io/node_modules/.escalade-prccWs3M',
77 silly reify   '/Users/link/Code/lynkxu.github.io/node_modules/fast-glob': '/Users/link/Code/lynkxu.github.io/node_modules/.fast-glob-f3YHiTSd',
77 silly reify   '/Users/link/Code/lynkxu.github.io/node_modules/fastq': '/Users/link/Code/lynkxu.github.io/node_modules/.fastq-nJB1127N',
77 silly reify   '/Users/link/Code/lynkxu.github.io/node_modules/fraction.js': '/Users/link/Code/lynkxu.github.io/node_modules/.fraction.js-sRJRmmyW',
77 silly reify   '/Users/link/Code/lynkxu.github.io/node_modules/function-bind': '/Users/link/Code/lynkxu.github.io/node_modules/.function-bind-XrBIJXKx',
77 silly reify   '/Users/link/Code/lynkxu.github.io/node_modules/glob-parent': '/Users/link/Code/lynkxu.github.io/node_modules/.glob-parent-6JJVMq15',
77 silly reify   '/Users/link/Code/lynkxu.github.io/node_modules/hasown': '/Users/link/Code/lynkxu.github.io/node_modules/.hasown-ZxoVsxf4',
77 silly reify   '/Users/link/Code/lynkxu.github.io/node_modules/is-binary-path': '/Users/link/Code/lynkxu.github.io/node_modules/.is-binary-path-aPQ0JNbe',
77 silly reify   '/Users/link/Code/lynkxu.github.io/node_modules/is-core-module': '/Users/link/Code/lynkxu.github.io/node_modules/.is-core-module-w6Iv9pvo',
77 silly reify   '/Users/link/Code/lynkxu.github.io/node_modules/jiti': '/Users/link/Code/lynkxu.github.io/node_modules/.jiti-6tsHyID7',
77 silly reify   '/Users/link/Code/lynkxu.github.io/node_modules/.bin/jiti': '/Users/link/Code/lynkxu.github.io/node_modules/.bin/.jiti-yN2Z6Og0',
77 silly reify   '/Users/link/Code/lynkxu.github.io/node_modules/lilconfig': '/Users/link/Code/lynkxu.github.io/node_modules/.lilconfig-nnRO1fhk',
77 silly reify   '/Users/link/Code/lynkxu.github.io/node_modules/lines-and-columns': '/Users/link/Code/lynkxu.github.io/node_modules/.lines-and-columns-wZpV3pfb',
77 silly reify   '/Users/link/Code/lynkxu.github.io/node_modules/merge2': '/Users/link/Code/lynkxu.github.io/node_modules/.merge2-5jtk8SP8',
77 silly reify   '/Users/link/Code/lynkxu.github.io/node_modules/mz': '/Users/link/Code/lynkxu.github.io/node_modules/.mz-oSiamXOV',
77 silly reify   '/Users/link/Code/lynkxu.github.io/node_modules/node-releases': '/Users/link/Code/lynkxu.github.io/node_modules/.node-releases-fAfCZwv6',
77 silly reify   '/Users/link/Code/lynkxu.github.io/node_modules/object-assign': '/Users/link/Code/lynkxu.github.io/node_modules/.object-assign-iif4XTaI',
77 silly reify   '/Users/link/Code/lynkxu.github.io/node_modules/object-hash': '/Users/link/Code/lynkxu.github.io/node_modules/.object-hash-R9my7Ptl',
77 silly reify   '/Users/link/Code/lynkxu.github.io/node_modules/path-parse': '/Users/link/Code/lynkxu.github.io/node_modules/.path-parse-q9x9E3Tf',
77 silly reify   '/Users/link/Code/lynkxu.github.io/node_modules/pify': '/Users/link/Code/lynkxu.github.io/node_modules/.pify-KWfnJ7dx',
77 silly reify   '/Users/link/Code/lynkxu.github.io/node_modules/pirates': '/Users/link/Code/lynkxu.github.io/node_modules/.pirates-gHpjFkF7',
77 silly reify   '/Users/link/Code/lynkxu.github.io/node_modules/postcss-import': '/Users/link/Code/lynkxu.github.io/node_modules/.postcss-import-HEUxpWZw',
77 silly reify   '/Users/link/Code/lynkxu.github.io/node_modules/postcss-js': '/Users/link/Code/lynkxu.github.io/node_modules/.postcss-js-lPlmAW24',
77 silly reify   '/Users/link/Code/lynkxu.github.io/node_modules/postcss-load-config': '/Users/link/Code/lynkxu.github.io/node_modules/.postcss-load-config-Nt9zk9Ro',
77 silly reify   '/Users/link/Code/lynkxu.github.io/node_modules/postcss-nested': '/Users/link/Code/lynkxu.github.io/node_modules/.postcss-nested-h8BRLGNs',
77 silly reify   '/Users/link/Code/lynkxu.github.io/node_modules/postcss-selector-parser': '/Users/link/Code/lynkxu.github.io/node_modules/.postcss-selector-parser-VKrsM4p8',
77 silly reify   '/Users/link/Code/lynkxu.github.io/node_modules/postcss-value-parser': '/Users/link/Code/lynkxu.github.io/node_modules/.postcss-value-parser-0fBlz2qW',
77 silly reify   '/Users/link/Code/lynkxu.github.io/node_modules/queue-microtask': '/Users/link/Code/lynkxu.github.io/node_modules/.queue-microtask-cCiT5rrI',
77 silly reify   '/Users/link/Code/lynkxu.github.io/node_modules/read-cache': '/Users/link/Code/lynkxu.github.io/node_modules/.read-cache-VKQItTXs',
77 silly reify   '/Users/link/Code/lynkxu.github.io/node_modules/resolve': '/Users/link/Code/lynkxu.github.io/node_modules/.resolve-m5kPA4H4',
77 silly reify   '/Users/link/Code/lynkxu.github.io/node_modules/.bin/resolve': '/Users/link/Code/lynkxu.github.io/node_modules/.bin/.resolve-rp7IQMT3',
77 silly reify   '/Users/link/Code/lynkxu.github.io/node_modules/reusify': '/Users/link/Code/lynkxu.github.io/node_modules/.reusify-dxBn01z5',
77 silly reify   '/Users/link/Code/lynkxu.github.io/node_modules/run-parallel': '/Users/link/Code/lynkxu.github.io/node_modules/.run-parallel-reEQR1Tq',
77 silly reify   '/Users/link/Code/lynkxu.github.io/node_modules/sucrase': '/Users/link/Code/lynkxu.github.io/node_modules/.sucrase-zS8clLls',
77 silly reify   '/Users/link/Code/lynkxu.github.io/node_modules/.bin/sucrase': '/Users/link/Code/lynkxu.github.io/node_modules/.bin/.sucrase-CwMStEI3',
77 silly reify   '/Users/link/Code/lynkxu.github.io/node_modules/.bin/sucrase-node': '/Users/link/Code/lynkxu.github.io/node_modules/.bin/.sucrase-node-VuO06NIN',
77 silly reify   '/Users/link/Code/lynkxu.github.io/node_modules/supports-preserve-symlinks-flag': '/Users/link/Code/lynkxu.github.io/node_modules/.supports-preserve-symlinks-flag-vLsreFb7',
77 silly reify   '/Users/link/Code/lynkxu.github.io/node_modules/tailwindcss': '/Users/link/Code/lynkxu.github.io/node_modules/.tailwindcss-HM9Hy4WO',
77 silly reify   '/Users/link/Code/lynkxu.github.io/node_modules/.bin/tailwind': '/Users/link/Code/lynkxu.github.io/node_modules/.bin/.tailwind-4FaijVWZ',
77 silly reify   '/Users/link/Code/lynkxu.github.io/node_modules/.bin/tailwindcss': '/Users/link/Code/lynkxu.github.io/node_modules/.bin/.tailwindcss-YLBr1mo8',
77 silly reify   '/Users/link/Code/lynkxu.github.io/node_modules/thenify': '/Users/link/Code/lynkxu.github.io/node_modules/.thenify-YzwUa1mX',
77 silly reify   '/Users/link/Code/lynkxu.github.io/node_modules/thenify-all': '/Users/link/Code/lynkxu.github.io/node_modules/.thenify-all-AZlX6fXP',
77 silly reify   '/Users/link/Code/lynkxu.github.io/node_modules/ts-interface-checker': '/Users/link/Code/lynkxu.github.io/node_modules/.ts-interface-checker-X6Co14oh',
77 silly reify   '/Users/link/Code/lynkxu.github.io/node_modules/update-browserslist-db': '/Users/link/Code/lynkxu.github.io/node_modules/.update-browserslist-db-8zboyzvV',
77 silly reify   '/Users/link/Code/lynkxu.github.io/node_modules/.bin/update-browserslist-db': '/Users/link/Code/lynkxu.github.io/node_modules/.bin/.update-browserslist-db-3DRXkaz2',
77 silly reify   '/Users/link/Code/lynkxu.github.io/node_modules/util-deprecate': '/Users/link/Code/lynkxu.github.io/node_modules/.util-deprecate-PwBBXADg',
77 silly reify   '/Users/link/Code/lynkxu.github.io/node_modules/yaml': '/Users/link/Code/lynkxu.github.io/node_modules/.yaml-LBazVNPd',
77 silly reify   '/Users/link/Code/lynkxu.github.io/node_modules/.bin/yaml': '/Users/link/Code/lynkxu.github.io/node_modules/.bin/.yaml-wR6nGCLQ'
77 silly reify }
78 silly audit bulk request {
78 silly audit   '@astrojs/compiler': [ '2.13.0' ],
78 silly audit   '@astrojs/internal-helpers': [ '0.7.5' ],
78 silly audit   '@astrojs/markdown-remark': [ '6.3.10' ],
78 silly audit   '@astrojs/mdx': [ '4.3.13' ],
78 silly audit   '@astrojs/prism': [ '3.3.0' ],
78 silly audit   '@astrojs/rss': [ '4.0.14' ],
78 silly audit   '@astrojs/sitemap': [ '3.6.0' ],
78 silly audit   '@astrojs/telemetry': [ '3.3.0' ],
78 silly audit   '@babel/helper-string-parser': [ '7.27.1' ],
78 silly audit   '@babel/helper-validator-identifier': [ '7.28.5' ],
78 silly audit   '@babel/parser': [ '7.28.5' ],
78 silly audit   '@babel/types': [ '7.28.5' ],
78 silly audit   '@capsizecss/unpack': [ '3.0.1' ],
78 silly audit   '@emnapi/runtime': [ '1.7.1' ],
78 silly audit   '@esbuild/aix-ppc64': [ '0.25.12' ],
78 silly audit   '@esbuild/android-arm': [ '0.25.12' ],
78 silly audit   '@esbuild/android-arm64': [ '0.25.12' ],
78 silly audit   '@esbuild/android-x64': [ '0.25.12' ],
78 silly audit   '@esbuild/darwin-arm64': [ '0.25.12' ],
78 silly audit   '@esbuild/darwin-x64': [ '0.25.12' ],
78 silly audit   '@esbuild/freebsd-arm64': [ '0.25.12' ],
78 silly audit   '@esbuild/freebsd-x64': [ '0.25.12' ],
78 silly audit   '@esbuild/linux-arm': [ '0.25.12' ],
78 silly audit   '@esbuild/linux-arm64': [ '0.25.12' ],
78 silly audit   '@esbuild/linux-ia32': [ '0.25.12' ],
78 silly audit   '@esbuild/linux-loong64': [ '0.25.12' ],
78 silly audit   '@esbuild/linux-mips64el': [ '0.25.12' ],
78 silly audit   '@esbuild/linux-ppc64': [ '0.25.12' ],
78 silly audit   '@esbuild/linux-riscv64': [ '0.25.12' ],
78 silly audit   '@esbuild/linux-s390x': [ '0.25.12' ],
78 silly audit   '@esbuild/linux-x64': [ '0.25.12' ],
78 silly audit   '@esbuild/netbsd-arm64': [ '0.25.12' ],
78 silly audit   '@esbuild/netbsd-x64': [ '0.25.12' ],
78 silly audit   '@esbuild/openbsd-arm64': [ '0.25.12' ],
78 silly audit   '@esbuild/openbsd-x64': [ '0.25.12' ],
78 silly audit   '@esbuild/openharmony-arm64': [ '0.25.12' ],
78 silly audit   '@esbuild/sunos-x64': [ '0.25.12' ],
78 silly audit   '@esbuild/win32-arm64': [ '0.25.12' ],
78 silly audit   '@esbuild/win32-ia32': [ '0.25.12' ],
78 silly audit   '@esbuild/win32-x64': [ '0.25.12' ],
78 silly audit   '@img/colour': [ '1.0.0' ],
78 silly audit   '@img/sharp-darwin-arm64': [ '0.34.5' ],
78 silly audit   '@img/sharp-darwin-x64': [ '0.34.5' ],
78 silly audit   '@img/sharp-libvips-darwin-arm64': [ '1.2.4' ],
78 silly audit   '@img/sharp-libvips-darwin-x64': [ '1.2.4' ],
78 silly audit   '@img/sharp-libvips-linux-arm': [ '1.2.4' ],
78 silly audit   '@img/sharp-libvips-linux-arm64': [ '1.2.4' ],
78 silly audit   '@img/sharp-libvips-linux-ppc64': [ '1.2.4' ],
78 silly audit   '@img/sharp-libvips-linux-riscv64': [ '1.2.4' ],
78 silly audit   '@img/sharp-libvips-linux-s390x': [ '1.2.4' ],
78 silly audit   '@img/sharp-libvips-linux-x64': [ '1.2.4' ],
78 silly audit   '@img/sharp-libvips-linuxmusl-arm64': [ '1.2.4' ],
78 silly audit   '@img/sharp-libvips-linuxmusl-x64': [ '1.2.4' ],
78 silly audit   '@img/sharp-linux-arm': [ '0.34.5' ],
78 silly audit   '@img/sharp-linux-arm64': [ '0.34.5' ],
78 silly audit   '@img/sharp-linux-ppc64': [ '0.34.5' ],
78 silly audit   '@img/sharp-linux-riscv64': [ '0.34.5' ],
78 silly audit   '@img/sharp-linux-s390x': [ '0.34.5' ],
78 silly audit   '@img/sharp-linux-x64': [ '0.34.5' ],
78 silly audit   '@img/sharp-linuxmusl-arm64': [ '0.34.5' ],
78 silly audit   '@img/sharp-linuxmusl-x64': [ '0.34.5' ],
78 silly audit   '@img/sharp-wasm32': [ '0.34.5' ],
78 silly audit   '@img/sharp-win32-arm64': [ '0.34.5' ],
78 silly audit   '@img/sharp-win32-ia32': [ '0.34.5' ],
78 silly audit   '@img/sharp-win32-x64': [ '0.34.5' ],
78 silly audit   '@jridgewell/sourcemap-codec': [ '1.5.5' ],
78 silly audit   '@mdx-js/mdx': [ '3.1.1' ],
78 silly audit   '@oslojs/encoding': [ '1.1.0' ],
78 silly audit   '@parcel/watcher': [ '2.5.1' ],
78 silly audit   '@parcel/watcher-android-arm64': [ '2.5.1' ],
78 silly audit   '@parcel/watcher-darwin-arm64': [ '2.5.1' ],
78 silly audit   '@parcel/watcher-darwin-x64': [ '2.5.1' ],
78 silly audit   '@parcel/watcher-freebsd-x64': [ '2.5.1' ],
78 silly audit   '@parcel/watcher-linux-arm-glibc': [ '2.5.1' ],
78 silly audit   '@parcel/watcher-linux-arm-musl': [ '2.5.1' ],
78 silly audit   '@parcel/watcher-linux-arm64-glibc': [ '2.5.1' ],
78 silly audit   '@parcel/watcher-linux-arm64-musl': [ '2.5.1' ],
78 silly audit   '@parcel/watcher-linux-x64-glibc': [ '2.5.1' ],
78 silly audit   '@parcel/watcher-linux-x64-musl': [ '2.5.1' ],
78 silly audit   '@parcel/watcher-win32-arm64': [ '2.5.1' ],
78 silly audit   '@parcel/watcher-win32-ia32': [ '2.5.1' ],
78 silly audit   '@parcel/watcher-win32-x64': [ '2.5.1' ],
78 silly audit   '@rollup/pluginutils': [ '5.3.0' ],
78 silly audit   'estree-walker': [ '2.0.2', '3.0.3' ],
78 silly audit   '@rollup/rollup-android-arm-eabi': [ '4.53.3' ],
78 silly audit   '@rollup/rollup-android-arm64': [ '4.53.3' ],
78 silly audit   '@rollup/rollup-darwin-arm64': [ '4.53.3' ],
78 silly audit   '@rollup/rollup-darwin-x64': [ '4.53.3' ],
78 silly audit   '@rollup/rollup-freebsd-arm64': [ '4.53.3' ],
78 silly audit   '@rollup/rollup-freebsd-x64': [ '4.53.3' ],
78 silly audit   '@rollup/rollup-linux-arm-gnueabihf': [ '4.53.3' ],
78 silly audit   '@rollup/rollup-linux-arm-musleabihf': [ '4.53.3' ],
78 silly audit   '@rollup/rollup-linux-arm64-gnu': [ '4.53.3' ],
78 silly audit   '@rollup/rollup-linux-arm64-musl': [ '4.53.3' ],
78 silly audit   '@rollup/rollup-linux-loong64-gnu': [ '4.53.3' ],
78 silly audit   '@rollup/rollup-linux-ppc64-gnu': [ '4.53.3' ],
78 silly audit   '@rollup/rollup-linux-riscv64-gnu': [ '4.53.3' ],
78 silly audit   '@rollup/rollup-linux-riscv64-musl': [ '4.53.3' ],
78 silly audit   '@rollup/rollup-linux-s390x-gnu': [ '4.53.3' ],
78 silly audit   '@rollup/rollup-linux-x64-gnu': [ '4.53.3' ],
78 silly audit   '@rollup/rollup-linux-x64-musl': [ '4.53.3' ],
78 silly audit   '@rollup/rollup-openharmony-arm64': [ '4.53.3' ],
78 silly audit   '@rollup/rollup-win32-arm64-msvc': [ '4.53.3' ],
78 silly audit   '@rollup/rollup-win32-ia32-msvc': [ '4.53.3' ],
78 silly audit   '@rollup/rollup-win32-x64-gnu': [ '4.53.3' ],
78 silly audit   '@rollup/rollup-win32-x64-msvc': [ '4.53.3' ],
78 silly audit   '@shikijs/core': [ '3.19.0' ],
78 silly audit   '@shikijs/engine-javascript': [ '3.19.0' ],
78 silly audit   '@shikijs/engine-oniguruma': [ '3.19.0' ],
78 silly audit   '@shikijs/langs': [ '3.19.0' ],
78 silly audit   '@shikijs/themes': [ '3.19.0' ],
78 silly audit   '@shikijs/types': [ '3.19.0' ],
78 silly audit   '@shikijs/vscode-textmate': [ '10.0.2' ],
78 silly audit   '@swc/helpers': [ '0.5.17' ],
78 silly audit   '@types/debug': [ '4.1.12' ],
78 silly audit   '@types/estree': [ '1.0.8' ],
78 silly audit   '@types/estree-jsx': [ '1.0.5' ],
78 silly audit   '@types/fontkit': [ '2.0.8' ],
78 silly audit   '@types/hast': [ '3.0.4' ],
78 silly audit   '@types/marked': [ '5.0.2' ],
78 silly audit   '@types/mdast': [ '4.0.4' ],
78 silly audit   '@types/mdx': [ '2.0.13' ],
78 silly audit   '@types/ms': [ '2.1.0' ],
78 silly audit   '@types/nlcst': [ '2.0.3' ],
78 silly audit   '@types/node': [ '25.0.0', '17.0.45' ],
78 silly audit   '@types/sax': [ '1.2.7' ],
78 silly audit   '@types/unist': [ '3.0.3', '2.0.11' ],
78 silly audit   '@ungap/structured-clone': [ '1.3.0' ],
78 silly audit   acorn: [ '8.15.0' ],
78 silly audit   'acorn-jsx': [ '5.3.2' ],
78 silly audit   'ansi-align': [ '3.0.1' ],
78 silly audit   'ansi-regex': [ '5.0.1', '6.2.2' ],
78 silly audit   'emoji-regex': [ '8.0.0', '10.6.0' ],
78 silly audit   'string-width': [ '4.2.3', '7.2.0' ],
78 silly audit   'strip-ansi': [ '6.0.1', '7.1.2' ],
78 silly audit   'ansi-styles': [ '6.2.3' ],
78 silly audit   anymatch: [ '3.1.3' ],
78 silly audit   picomatch: [ '2.3.1', '4.0.3' ],
78 silly audit   arg: [ '5.0.2' ],
78 silly audit   argparse: [ '2.0.1' ],
78 silly audit   'aria-query': [ '5.3.2' ],
78 silly audit   'array-iterate': [ '2.0.1' ],
78 silly audit   astring: [ '1.9.0' ],
78 silly audit   astro: [ '5.16.5' ],
78 silly audit   'axobject-query': [ '4.1.0' ],
78 silly audit   bail: [ '2.0.2' ],
78 silly audit   'base-64': [ '1.0.0' ],
78 silly audit   'base64-js': [ '1.5.1' ],
78 silly audit   boolbase: [ '1.0.0' ],
78 silly audit   boxen: [ '8.0.1' ],
78 silly audit   braces: [ '3.0.3' ],
78 silly audit   brotli: [ '1.3.3' ],
78 silly audit   camelcase: [ '8.0.0' ],
78 silly audit   ccount: [ '2.0.1' ],
78 silly audit   chalk: [ '5.6.2' ],
78 silly audit   'character-entities': [ '2.0.2' ],
78 silly audit   'character-entities-html4': [ '2.1.0' ],
78 silly audit   'character-entities-legacy': [ '3.0.0' ],
78 silly audit   'character-reference-invalid': [ '2.0.1' ],
78 silly audit   chokidar: [ '4.0.3' ],
78 silly audit   'ci-info': [ '4.3.1' ],
78 silly audit   'cli-boxes': [ '3.0.0' ],
78 silly audit   clone: [ '2.1.2' ],
78 silly audit   clsx: [ '2.1.1' ],
78 silly audit   'collapse-white-space': [ '2.1.0' ],
78 silly audit   'comma-separated-tokens': [ '2.0.3' ],
78 silly audit   commander: [ '11.1.0' ],
78 silly audit   'common-ancestor-path': [ '1.0.1' ],
78 silly audit   cookie: [ '1.1.1' ],
78 silly audit   'cookie-es': [ '1.2.2' ],
78 silly audit   crossws: [ '0.3.5' ],
78 silly audit   'css-select': [ '5.2.2' ],
78 silly audit   'css-tree': [ '3.1.0', '2.2.1' ],
78 silly audit   'css-what': [ '6.2.2' ],
78 silly audit   cssesc: [ '3.0.0' ],
78 silly audit   csso: [ '5.0.5' ],
78 silly audit   'mdn-data': [ '2.0.28', '2.12.2' ],
78 silly audit   debug: [ '4.4.3' ],
78 silly audit   'decode-named-character-reference': [ '1.2.0' ],
78 silly audit   defu: [ '6.1.4' ],
78 silly audit   dequal: [ '2.0.3' ],
78 silly audit   destr: [ '2.0.5' ],
78 silly audit   'detect-libc': [ '1.0.3', '2.1.2' ],
78 silly audit   'deterministic-object-hash': [ '2.0.2' ],
78 silly audit   devalue: [ '5.6.1' ],
78 silly audit   devlop: [ '1.1.0' ],
78 silly audit   dfa: [ '1.2.0' ],
78 silly audit   diff: [ '5.2.0' ],
78 silly audit   dlv: [ '1.1.3' ],
78 silly audit   'dom-serializer': [ '2.0.0' ],
78 silly audit   entities: [ '4.5.0', '6.0.1' ],
78 silly audit   domelementtype: [ '2.3.0' ],
78 silly audit   domhandler: [ '5.0.3' ],
78 silly audit   domutils: [ '3.2.2' ],
78 silly audit   dset: [ '3.1.4' ],
78 silly audit   'es-module-lexer': [ '1.7.0' ],
78 silly audit   'esast-util-from-estree': [ '2.0.0' ],
78 silly audit   'esast-util-from-js': [ '2.0.1' ],
78 silly audit   esbuild: [ '0.25.12' ],
78 silly audit   'escape-string-regexp': [ '5.0.0' ],
78 silly audit   'estree-util-attach-comments': [ '3.0.0' ],
78 silly audit   'estree-util-build-jsx': [ '3.0.1' ],
78 silly audit   'estree-util-is-identifier-name': [ '3.0.0' ],
78 silly audit   'estree-util-scope': [ '1.0.0' ],
78 silly audit   'estree-util-to-js': [ '2.0.0' ],
78 silly audit   'estree-util-visit': [ '2.0.0' ],
78 silly audit   eventemitter3: [ '5.0.1' ],
78 silly audit   extend: [ '3.0.2' ],
78 silly audit   'fast-deep-equal': [ '3.1.3' ],
78 silly audit   'fast-xml-parser': [ '5.3.2' ],
78 silly audit   fdir: [ '6.5.0' ],
78 silly audit   'fill-range': [ '7.1.1' ],
78 silly audit   flattie: [ '1.1.1' ],
78 silly audit   fontace: [ '0.3.1' ],
78 silly audit   fontkit: [ '2.0.4' ],
78 silly audit   fsevents: [ '2.3.3' ],
78 silly audit   'get-east-asian-width': [ '1.4.0' ],
78 silly audit   'github-slugger': [ '2.0.0' ],
78 silly audit   h3: [ '1.15.4' ],
78 silly audit   'hast-util-from-html': [ '2.0.3' ],
78 silly audit   'hast-util-from-parse5': [ '8.0.3' ],
78 silly audit   'hast-util-is-element': [ '3.0.0' ],
78 silly audit   'hast-util-parse-selector': [ '4.0.0' ],
78 silly audit   'hast-util-raw': [ '9.1.0' ],
78 silly audit   'hast-util-to-estree': [ '3.1.3' ],
78 silly audit   'hast-util-to-html': [ '9.0.5' ],
78 silly audit   'hast-util-to-jsx-runtime': [ '2.3.6' ],
78 silly audit   'hast-util-to-parse5': [ '8.0.1' ],
78 silly audit   'hast-util-to-text': [ '4.0.2' ],
78 silly audit   'hast-util-whitespace': [ '3.0.0' ],
78 silly audit   hastscript: [ '9.0.1' ],
78 silly audit   'html-escaper': [ '3.0.3' ],
78 silly audit   'html-void-elements': [ '3.0.0' ],
78 silly audit   'http-cache-semantics': [ '4.2.0' ],
78 silly audit   immutable: [ '5.1.4' ],
78 silly audit   'import-meta-resolve': [ '4.2.0' ],
78 silly audit   'inline-style-parser': [ '0.2.7' ],
78 silly audit   'iron-webcrypto': [ '1.2.1' ],
78 silly audit   'is-alphabetical': [ '2.0.1' ],
78 silly audit   'is-alphanumerical': [ '2.0.1' ],
78 silly audit   'is-decimal': [ '2.0.1' ],
78 silly audit   'is-docker': [ '3.0.0' ],
78 silly audit   'is-extglob': [ '2.1.1' ],
78 silly audit   'is-fullwidth-code-point': [ '3.0.0' ],
78 silly audit   'is-glob': [ '4.0.3' ],
78 silly audit   'is-hexadecimal': [ '2.0.1' ],
78 silly audit   'is-inside-container': [ '1.0.0' ],
78 silly audit   'is-number': [ '7.0.0' ],
78 silly audit   'is-plain-obj': [ '4.1.0' ],
78 silly audit   'is-wsl': [ '3.1.0' ],
78 silly audit   'js-yaml': [ '4.1.1' ],
78 silly audit   kleur: [ '3.0.3' ],
78 silly audit   'lightgallery.js': [ '1.4.0' ],
78 silly audit   'longest-streak': [ '3.1.0' ],
78 silly audit   'lru-cache': [ '10.4.3' ],
78 silly audit   'magic-string': [ '0.30.21' ],
78 silly audit   magicast: [ '0.5.1' ],
78 silly audit   'markdown-extensions': [ '2.0.0' ],
78 silly audit   'markdown-table': [ '3.0.4' ],
78 silly audit   marked: [ '16.4.2' ],
78 silly audit   'mdast-util-definitions': [ '6.0.0' ],
78 silly audit   'mdast-util-find-and-replace': [ '3.0.2' ],
78 silly audit   'mdast-util-from-markdown': [ '2.0.2' ],
78 silly audit   'mdast-util-gfm': [ '3.1.0' ],
78 silly audit   'mdast-util-gfm-autolink-literal': [ '2.0.1' ],
78 silly audit   'mdast-util-gfm-footnote': [ '2.1.0' ],
78 silly audit   'mdast-util-gfm-strikethrough': [ '2.0.0' ],
78 silly audit   'mdast-util-gfm-table': [ '2.0.0' ],
78 silly audit   'mdast-util-gfm-task-list-item': [ '2.0.0' ],
78 silly audit   'mdast-util-mdx': [ '3.0.0' ],
78 silly audit   'mdast-util-mdx-expression': [ '2.0.1' ],
78 silly audit   'mdast-util-mdx-jsx': [ '3.2.0' ],
78 silly audit   'mdast-util-mdxjs-esm': [ '2.0.1' ],
78 silly audit   'mdast-util-phrasing': [ '4.1.0' ],
78 silly audit   'mdast-util-to-hast': [ '13.2.1' ],
78 silly audit   'mdast-util-to-markdown': [ '2.1.2' ],
78 silly audit   'mdast-util-to-string': [ '4.0.0' ],
78 silly audit   micromark: [ '4.0.2' ],
78 silly audit   'micromark-core-commonmark': [ '2.0.3' ],
78 silly audit   'micromark-extension-gfm': [ '3.0.0' ],
78 silly audit   'micromark-extension-gfm-autolink-literal': [ '2.1.0' ],
78 silly audit   'micromark-extension-gfm-footnote': [ '2.1.0' ],
78 silly audit   'micromark-extension-gfm-strikethrough': [ '2.1.0' ],
78 silly audit   'micromark-extension-gfm-table': [ '2.1.1' ],
78 silly audit   'micromark-extension-gfm-tagfilter': [ '2.0.0' ],
78 silly audit   'micromark-extension-gfm-task-list-item': [ '2.1.0' ],
78 silly audit   'micromark-extension-mdx-expression': [ '3.0.1' ],
78 silly audit   'micromark-extension-mdx-jsx': [ '3.0.2' ],
78 silly audit   'micromark-extension-mdx-md': [ '2.0.0' ],
78 silly audit   'micromark-extension-mdxjs': [ '3.0.0' ],
78 silly audit   'micromark-extension-mdxjs-esm': [ '3.0.0' ],
78 silly audit   'micromark-factory-destination': [ '2.0.1' ],
78 silly audit   'micromark-factory-label': [ '2.0.1' ],
78 silly audit   'micromark-factory-mdx-expression': [ '2.0.3' ],
78 silly audit   'micromark-factory-space': [ '2.0.1' ],
78 silly audit   'micromark-factory-title': [ '2.0.1' ],
78 silly audit   'micromark-factory-whitespace': [ '2.0.1' ],
78 silly audit   'micromark-util-character': [ '2.1.1' ],
78 silly audit   'micromark-util-chunked': [ '2.0.1' ],
78 silly audit   'micromark-util-classify-character': [ '2.0.1' ],
78 silly audit   'micromark-util-combine-extensions': [ '2.0.1' ],
78 silly audit   'micromark-util-decode-numeric-character-reference': [ '2.0.2' ],
78 silly audit   'micromark-util-decode-string': [ '2.0.1' ],
78 silly audit   'micromark-util-encode': [ '2.0.1' ],
78 silly audit   'micromark-util-events-to-acorn': [ '2.0.3' ],
78 silly audit   'micromark-util-html-tag-name': [ '2.0.1' ],
78 silly audit   'micromark-util-normalize-identifier': [ '2.0.1' ],
78 silly audit   'micromark-util-resolve-all': [ '2.0.1' ],
78 silly audit   'micromark-util-sanitize-uri': [ '2.0.1' ],
78 silly audit   'micromark-util-subtokenize': [ '2.1.0' ],
78 silly audit   'micromark-util-symbol': [ '2.0.1' ],
78 silly audit   'micromark-util-types': [ '2.0.2' ],
78 silly audit   micromatch: [ '4.0.8' ],
78 silly audit   mrmime: [ '2.0.1' ],
78 silly audit   ms: [ '2.1.3' ],
78 silly audit   nanoid: [ '3.3.11' ],
78 silly audit   neotraverse: [ '0.6.18' ],
78 silly audit   'nlcst-to-string': [ '4.0.0' ],
78 silly audit   'node-addon-api': [ '7.1.1' ],
78 silly audit   'node-fetch-native': [ '1.6.7' ],
78 silly audit   'node-mock-http': [ '1.0.4' ],
78 silly audit   'normalize-path': [ '3.0.0' ],
78 silly audit   'nth-check': [ '2.1.1' ],
78 silly audit   ofetch: [ '1.5.1' ],
78 silly audit   ohash: [ '2.0.11' ],
78 silly audit   'oniguruma-parser': [ '0.12.1' ],
78 silly audit   'oniguruma-to-es': [ '4.3.4' ],
78 silly audit   'p-limit': [ '6.2.0' ],
78 silly audit   'p-queue': [ '8.1.1' ],
78 silly audit   'p-timeout': [ '6.1.4' ],
78 silly audit   'package-manager-detector': [ '1.6.0' ],
78 silly audit   pako: [ '0.2.9' ],
78 silly audit   'parse-entities': [ '4.0.2' ],
78 silly audit   'parse-latin': [ '7.0.0' ],
78 silly audit   parse5: [ '7.3.0' ],
78 silly audit   piccolore: [ '0.1.3' ],
78 silly audit   picocolors: [ '1.1.1' ],
78 silly audit   postcss: [ '8.5.6' ],
78 silly audit   prismjs: [ '1.30.0' ],
78 silly audit   prompts: [ '2.4.2' ],
78 silly audit   'property-information': [ '7.1.0' ],
78 silly audit   radix3: [ '1.1.2' ],
78 silly audit   readdirp: [ '4.1.2' ],
78 silly audit   'recma-build-jsx': [ '1.0.0' ],
78 silly audit   'recma-jsx': [ '1.0.1' ],
78 silly audit   'recma-parse': [ '1.0.0' ],
78 silly audit   'recma-stringify': [ '1.0.0' ],
78 silly audit   regex: [ '6.1.0' ],
78 silly audit   'regex-recursion': [ '6.0.2' ],
78 silly audit   'regex-utilities': [ '2.3.0' ],
78 silly audit   rehype: [ '13.0.2' ],
78 silly audit   'rehype-parse': [ '9.0.1' ],
78 silly audit   'rehype-raw': [ '7.0.0' ],
78 silly audit   'rehype-recma': [ '1.0.0' ],
78 silly audit   'rehype-stringify': [ '10.0.1' ],
78 silly audit   'remark-gfm': [ '4.0.1' ],
78 silly audit   'remark-mdx': [ '3.1.1' ],
78 silly audit   'remark-parse': [ '11.0.0' ],
78 silly audit   'remark-rehype': [ '11.1.2' ],
78 silly audit   'remark-smartypants': [ '3.0.2' ],
78 silly audit   'remark-stringify': [ '11.0.0' ],
78 silly audit   restructure: [ '3.0.2' ],
78 silly audit   retext: [ '9.0.0' ],
78 silly audit   'retext-latin': [ '4.0.0' ],
78 silly audit   'retext-smartypants': [ '6.2.0' ],
78 silly audit   'retext-stringify': [ '4.0.0' ],
78 silly audit   rollup: [ '4.53.3' ],
78 silly audit   sass: [ '1.96.0' ],
78 silly audit   sax: [ '1.4.3' ],
78 silly audit   semver: [ '7.7.3' ],
78 silly audit   sharp: [ '0.34.5' ],
78 silly audit   shiki: [ '3.19.0' ],
78 silly audit   sisteransi: [ '1.0.5' ],
78 silly audit   sitemap: [ '8.0.2' ],
78 silly audit   'smol-toml': [ '1.5.2' ],
78 silly audit   'source-map': [ '0.7.6' ],
78 silly audit   'source-map-js': [ '1.2.1' ],
78 silly audit   'space-separated-tokens': [ '2.0.2' ],
78 silly audit   'stream-replace-string': [ '2.0.0' ],
78 silly audit   'stringify-entities': [ '4.0.4' ],
78 silly audit   strnum: [ '2.1.1' ],
78 silly audit   'style-to-js': [ '1.1.21' ],
78 silly audit   'style-to-object': [ '1.0.14' ],
78 silly audit   svgo: [ '4.0.0' ],
78 silly audit   'tiny-inflate': [ '1.0.3' ],
78 silly audit   tinyexec: [ '1.0.2' ],
78 silly audit   tinyglobby: [ '0.2.15' ],
78 silly audit   'to-regex-range': [ '5.0.1' ],
78 silly audit   'trim-lines': [ '3.0.1' ],
78 silly audit   trough: [ '2.2.0' ],
78 silly audit   tsconfck: [ '3.1.6' ],
78 silly audit   tslib: [ '2.8.1' ],
78 silly audit   'type-fest': [ '4.41.0' ],
78 silly audit   typescript: [ '5.9.3' ],
78 silly audit   ufo: [ '1.6.1' ],
78 silly audit   ultrahtml: [ '1.6.0' ],
78 silly audit   uncrypto: [ '0.1.3' ],
78 silly audit   'undici-types': [ '7.16.0' ],
78 silly audit   'unicode-properties': [ '1.4.1' ],
78 silly audit   'unicode-trie': [ '2.0.0' ],
78 silly audit   unified: [ '11.0.5' ],
78 silly audit   unifont: [ '0.6.0' ],
78 silly audit   'unist-util-find-after': [ '5.0.0' ],
78 silly audit   'unist-util-is': [ '6.0.1' ],
78 silly audit   'unist-util-modify-children': [ '4.0.0' ],
78 silly audit   'unist-util-position': [ '5.0.0' ],
78 silly audit   'unist-util-position-from-estree': [ '2.0.0' ],
78 silly audit   'unist-util-remove-position': [ '5.0.0' ],
78 silly audit   'unist-util-stringify-position': [ '4.0.0' ],
78 silly audit   'unist-util-visit': [ '5.0.0' ],
78 silly audit   'unist-util-visit-children': [ '3.0.0' ],
78 silly audit   'unist-util-visit-parents': [ '6.0.2' ],
78 silly audit   unstorage: [ '1.17.3' ],
78 silly audit   vfile: [ '6.0.3' ],
78 silly audit   'vfile-location': [ '5.0.3' ],
78 silly audit   'vfile-message': [ '4.0.3' ],
78 silly audit   vite: [ '6.4.1' ],
78 silly audit   vitefu: [ '1.1.1' ],
78 silly audit   'web-namespaces': [ '2.0.1' ],
78 silly audit   'which-pm-runs': [ '1.1.0' ],
78 silly audit   'widest-line': [ '5.0.0' ],
78 silly audit   'wrap-ansi': [ '9.0.2' ],
78 silly audit   'xxhash-wasm': [ '1.1.0' ],
78 silly audit   'yargs-parser': [ '21.1.1' ],
78 silly audit   'yocto-queue': [ '1.2.2' ],
78 silly audit   'yocto-spinner': [ '0.2.3' ],
78 silly audit   yoctocolors: [ '2.1.2' ],
78 silly audit   zod: [ '3.25.76' ],
78 silly audit   'zod-to-json-schema': [ '3.25.0' ],
78 silly audit   'zod-to-ts': [ '1.2.0' ],
78 silly audit   zwitch: [ '2.0.4' ],
78 silly audit   exifr: [ '7.1.3' ]
78 silly audit }
79 http cache exifr@https://registry.npmjs.org/exifr/-/exifr-7.1.3.tgz 0ms (cache hit)
80 silly tarball no local data for exifr@https://registry.npmjs.org/exifr/-/exifr-7.1.3.tgz. Extracting by manifest.
81 http fetch POST 200 https://registry.npmjs.org/-/npm/v1/security/advisories/bulk 384ms
82 silly audit report {}
83 http fetch GET 200 https://registry.npmjs.org/exifr/-/exifr-7.1.3.tgz 1354ms (cache miss)
84 silly ADD node_modules/exifr
85 silly REMOVE node_modules/yaml
86 silly REMOVE node_modules/util-deprecate
87 silly REMOVE node_modules/update-browserslist-db
88 silly REMOVE node_modules/ts-interface-checker
89 silly REMOVE node_modules/thenify-all
90 silly REMOVE node_modules/thenify
91 silly REMOVE node_modules/tailwindcss
92 silly REMOVE node_modules/tailwindcss/node_modules/readdirp
93 silly REMOVE node_modules/tailwindcss/node_modules/postcss-selector-parser
94 silly REMOVE node_modules/tailwindcss/node_modules/picomatch
95 silly REMOVE node_modules/tailwindcss/node_modules/chokidar
96 silly REMOVE node_modules/tailwindcss/node_modules/chokidar/node_modules/glob-parent
97 silly REMOVE node_modules/supports-preserve-symlinks-flag
98 silly REMOVE node_modules/sucrase
99 silly REMOVE node_modules/sucrase/node_modules/commander
100 silly REMOVE node_modules/run-parallel
101 silly REMOVE node_modules/reusify
102 silly REMOVE node_modules/resolve
103 silly REMOVE node_modules/read-cache
104 silly REMOVE node_modules/queue-microtask
105 silly REMOVE node_modules/postcss-value-parser
106 silly REMOVE node_modules/postcss-selector-parser
107 silly REMOVE node_modules/postcss-nested
108 silly REMOVE node_modules/postcss-nested/node_modules/postcss-selector-parser
109 silly REMOVE node_modules/postcss-load-config
110 silly REMOVE node_modules/postcss-js
111 silly REMOVE node_modules/postcss-import
112 silly REMOVE node_modules/pirates
113 silly REMOVE node_modules/pify
114 silly REMOVE node_modules/path-parse
115 silly REMOVE node_modules/object-hash
116 silly REMOVE node_modules/object-assign
117 silly REMOVE node_modules/node-releases
118 silly REMOVE node_modules/mz
119 silly REMOVE node_modules/merge2
120 silly REMOVE node_modules/lines-and-columns
121 silly REMOVE node_modules/lilconfig
122 silly REMOVE node_modules/jiti
123 silly REMOVE node_modules/is-core-module
124 silly REMOVE node_modules/is-binary-path
125 silly REMOVE node_modules/hasown
126 silly REMOVE node_modules/glob-parent
127 silly REMOVE node_modules/function-bind
128 silly REMOVE node_modules/fraction.js
129 silly REMOVE node_modules/fastq
130 silly REMOVE node_modules/fast-glob
131 silly REMOVE node_modules/fast-glob/node_modules/glob-parent
132 silly REMOVE node_modules/escalade
133 silly REMOVE node_modules/electron-to-chromium
134 silly REMOVE node_modules/didyoumean
135 silly REMOVE node_modules/caniuse-lite
136 silly REMOVE node_modules/camelcase-css
137 silly REMOVE node_modules/browserslist
138 silly REMOVE node_modules/binary-extensions
139 silly REMOVE node_modules/baseline-browser-mapping
140 silly REMOVE node_modules/autoprefixer
141 silly REMOVE node_modules/any-promise
142 silly REMOVE node_modules/@tailwindcss/typography
143 silly REMOVE node_modules/@nodelib/fs.walk
144 silly REMOVE node_modules/@nodelib/fs.stat
145 silly REMOVE node_modules/@nodelib/fs.scandir
146 silly REMOVE node_modules/@jridgewell/trace-mapping
147 silly REMOVE node_modules/@jridgewell/resolve-uri
148 silly REMOVE node_modules/@jridgewell/gen-mapping
149 silly REMOVE node_modules/@astrojs/tailwind
150 silly REMOVE node_modules/@alloc/quick-lru
151 verbose cwd /Users/link/Code/lynkxu.github.io
152 verbose os Darwin 25.2.0
153 verbose node v24.2.0
154 verbose npm  v11.3.0
155 verbose exit 0
156 info ok
